1.597184480254254524e-04
1.242898429851743702e-04
6.355155157539149613e-05
5.451113837834364872e-05
1.034180540619433764e-04
8.344277213367945478e-05
4.479811857457938196e-05
1.087243920291913746e-05
-3.070829799014379580e-05
4.821386465114763098e-05
7.382984558572391887e-05
1.649097474154537224e-05
1.438561954902883855e-05
-2.181491346256751382e-05
2.109847690261179576e-05
-7.192938100697432446e-06
3.576361634038960347e-05
3.766283328134056863e-05
1.097400189535926995e-04
1.580097913803091281e-04
-9.374556904195863183e-06
3.992504225540371987e-05
1.603364418886477072e-04
2.835719735462538527e-04
2.949362380824105401e-04
-4.599457496778924792e-05
-6.168616932673842701e-05
-2.603618601851320769e-05
1.138631953051527645e-05
-8.728192189999539607e-06
-9.296637568972920818e-05
-9.581153190368896233e-05
-5.301752954807795182e-05
-7.343272662507609183e-05
-7.599541535728560060e-05
-1.002249793659523713e-04
-6.593460336828949053e-05
-1.176014272072367639e-04
-1.415474229580979126e-04
-1.775699838189870317e-04
-1.288629131737800693e-04
-1.234691691822109583e-04
-1.654354909819792663e-04
-1.421801360813879089e-04
-2.790298079747011162e-04
-1.878779726079971013e-04
-2.080787250787474729e-04
-1.614483358982343741e-04
-1.704318394229187295e-04
-2.014441412622192118e-04
-7.972753137691634961e-05
-7.108322995377780451e-05
-7.621579346314688586e-05
-6.451573663351917176e-05
-5.425242211282155225e-05
-2.399343211864635173e-05
-1.465474766174090782e-05
-2.725303622003009962e-05
-7.747225392828061691e-05
-9.884258496364872748e-05
-6.823581298269487672e-06
6.101823234350156611e-06
-4.082765254845299729e-05
-8.286710915243050701e-05
-7.212072668874580650e-05
1.182989351423968660e-05
-1.056030030760490845e-05
-9.346813123602137896e-05
-1.291095465272701359e-04
-1.116836152462163945e-04
-4.947105966474074634e-05
-9.499688564601482810e-05
-1.395999087014376805e-04
-1.392299222544579607e-04
-1.738933954408272697e-04
2.099425319734837814e-05
-1.117748822148517673e-04
-1.108734854536330694e-04
-1.971216719409696339e-06
6.218496168164389104e-05
-1.794130524720993769e-05
-5.252138698219610546e-05
-1.257442269421427117e-05
2.622964004080768907e-05
7.977944919922153044e-05
1.063476799253310068e-05
7.218790319601930960e-05
6.924560921350852993e-05
3.423157715590728623e-05
9.526457794162279669e-05
6.177239229225583994e-05
1.261649689742738722e-04
8.531729723646602759e-05
3.408602980952551986e-05
1.422731639232344136e-04
8.612032084043264035e-05
1.068315916743639571e-04
9.304952871869165421e-05
2.219629228022990119e-05
1.530741024449722154e-04
1.327107254003867531e-04
9.896012081196670085e-05
2.329373422557678985e-05
1.887169256586940236e-05
7.928829848402596525e-05
8.409274515891462798e-05
7.949192219131040460e-05
1.339800556979242607e-05
-1.618588990741354205e-05
-4.326799852297225080e-05
7.229718737465987144e-05
1.623652550214460533e-05
-6.659727509711332871e-06
-4.318587018917142625e-05
-1.058269127887506711e-04
2.781907622168705574e-05
-1.211264886302743093e-05
2.578540716702271141e-05
-6.619025336199874099e-05
-1.237795049962575611e-04
4.515443596475599008e-05
2.098018494024744829e-05
8.722791112145134029e-05
6.022620098156128421e-05
-7.974392022824794424e-07
4.510290297499164325e-05
8.979869378700211513e-06
3.844940864056178853e-06
2.931558344493323531e-05
1.542037795881912032e-05
-4.717887618813088046e-05
-5.098880912585146419e-05
-3.796787927821260178e-05
-3.036806778941580909e-05
4.511058304398907204e-05
-1.506659783832853261e-05
-1.258186531433169719e-05
3.015246594073595077e-08
-1.700998559124589082e-05
2.202762003722380513e-05
1.781920361314248691e-05
-1.285238194553839364e-05
-1.207161617647334317e-05
1.409587782877363971e-05
2.045400715941503300e-05
-1.883894830290167022e-05
-5.958010750900522012e-06
-7.335679100578529344e-06
3.192386788827827893e-05
8.314160643674295414e-06
3.478870634671116235e-05
-2.287377709853100072e-06
-1.166352372866663600e-05
3.301252451570757529e-06
-5.302160540998634985e-05
3.640498363552402417e-05
-4.169197088946252627e-05
-7.065429832123215625e-05
-5.147023512247494992e-05
-4.053997510330975551e-05
3.411542811556506072e-05
-4.273418161954145589e-05
-7.840490215110795802e-05
-6.563363848432340886e-05
-6.618069605091037033e-05
2.114714273761253427e-05
-4.273887617367577718e-05
-8.148396898004228728e-05
-6.730120458922628224e-05
-8.576967529652645972e-05
-1.932273353810742833e-05
-1.741069886568302749e-05
-3.619147098940511675e-05
-9.065520884993238937e-05
-9.771329116992077957e-05
-1.701129991940053543e-04
-1.218459012965744659e-04
-3.323736685720279915e-05
1.214137508387391762e-05
4.970953250388321365e-05
-7.861597996935976163e-05
2.097168142234373533e-05
7.172520085876529783e-05
7.759686591389883259e-05
4.816709908680993912e-05
3.623268906715812476e-05
1.194657973196400214e-04
1.024899944389312534e-04
1.861092305927014579e-05
-1.983915718656303895e-05
7.011730837049034992e-05
1.420088523134688252e-04
1.001099355427206850e-04
-4.185014007496157262e-05
-3.075475576005959333e-05
7.515268540136954556e-05
5.439805155310617479e-05
-2.361992214300334680e-05
1.324339094493920399e-05
2.765737864401929258e-05
