5.552537377732646995e-04
4.429104418539678290e-04
2.340555257483722951e-04
-2.804219907615035368e-04
-3.995529571216849263e-04
1.400872296234145775e-04
3.898275393302008673e-04
2.617208060026257610e-04
-2.325320310643565203e-04
-4.878777977321280268e-05
-1.530341481748801608e-04
1.771058334548714086e-05
-2.786938263681648653e-04
-3.793044694374476944e-04
-4.352290068173753079e-04
-2.078239225460493111e-04
-4.849323416028505918e-05
1.128059274794618316e-04
4.353515541896391117e-04
2.749414864556543048e-04
-1.107807420497319839e-04
4.585789351112673495e-04
1.284606246048258793e-03
1.422465243609422059e-03
1.223878699606661957e-03
-1.108359564244709716e-05
-1.511373383428493700e-04
-6.794406310711986752e-04
-1.013271961378403585e-03
-8.413685930670489199e-04
1.619377431950619339e-04
-2.337476392127169067e-04
-7.837841891840321984e-04
-1.139932888724787957e-03
-1.366184779960463724e-03
-4.584412886636177187e-04
-6.646432986286976430e-04
-1.158449063676070256e-03
-1.163412542769075297e-03
-1.682259556429838154e-03
-4.957639929725893291e-04
-8.516572710488556908e-04
-1.025940105273143860e-03
-1.197886332928110864e-03
-1.309527500017199086e-03
-4.382389425080512879e-04
-5.004410837810280288e-04
-6.015710356156722671e-04
-1.046765082435646699e-03
-6.948788942398587132e-04
-3.512960253795882615e-04
-4.010936391875136175e-04
-4.553104682485653587e-04
-7.277771249799558362e-04
-6.371453338056554117e-04
-3.369111762240306618e-04
-6.758696368240058039e-04
-8.370847511580282313e-04
-1.206097440683570957e-03
-9.505892942132734835e-04
-2.418464852152399369e-04
-4.327037965972113653e-04
-8.065658477126036452e-04
-8.608153142773064537e-04
-6.369831260963493280e-04
-1.629506054190293929e-04
-3.610714867571251929e-04
-6.080884786232275407e-04
-6.845475364281455866e-04
-8.749490687391947574e-04
8.167703974826245883e-06
-2.470039341199714578e-04
-3.859198127935115075e-04
-8.391018107333225728e-04
-9.521700279898070995e-04
-3.168718760360178521e-04
-5.631382567271719930e-04
-5.876587381394571263e-04
-3.585392461946668163e-05
7.156086605653033672e-04
-8.309494841213793670e-04
-9.400149980331728994e-04
-4.386226623786376733e-04
3.656209977738050787e-04
9.168852132332289129e-04
-8.536255122679643759e-04
-6.146867957585455677e-04
1.006571795943989045e-04
6.241829635789813979e-04
1.017934290400160369e-03
-3.037038212025250372e-04
-8.059133735865975368e-05
5.956142664664959563e-04
6.263154865688291828e-04
1.485557353874150666e-03
3.025790640427405975e-04
8.764378320899324226e-04
1.151820124874053386e-03
1.232435410974869194e-03
1.784163537116523202e-03
4.486674603025875285e-04
4.260117393334178493e-04
7.803121473981544653e-05
1.960472265764012789e-04
4.119051238081761213e-04
-1.958028879587847548e-04
8.559400026847407972e-05
-1.312709967462161176e-04
3.945528659165392638e-04
4.487899573342307713e-04
-5.741837086878287186e-04
-2.781648382138568465e-04
8.424496496628464115e-06
4.825814530527265667e-04
4.265143045326796889e-04
-4.418303102188061993e-04
-2.049748663550121641e-04
2.996520834089438923e-04
8.237562578827101190e-04
4.429267281249038568e-04
9.973833946197441236e-05
4.847169549986457548e-04
1.177000757244722751e-03
1.518471338664062475e-03
8.730837459348661511e-04
1.136996632723485945e-04
-2.188906549337038543e-04
-3.149208723856877779e-04
-3.215402245695941907e-04
-2.128556800455871922e-04
-3.675122731298940959e-04
-3.713518310722307980e-04
-4.095402069260040134e-04
-5.700986626501099164e-04
-2.841637849202854893e-04
-7.644614163701407561e-04
-3.024805179393519339e-04
-3.532037260422782321e-04
-2.918446284754135089e-04
-1.647314280641826167e-04
-2.389412896157544486e-04
-1.511459352869226613e-04
-1.635130420715932842e-04
-7.754082364998943211e-05
-6.815334115095605938e-05
-1.612603770694276406e-04
-1.351757930684871489e-04
-9.596945037732007577e-05
3.221042471726609513e-05
1.092154551021740083e-04
-2.218770688100502042e-04
-4.163271129551948668e-04
-6.493608384554871993e-04
-6.379879562242174451e-04
-4.694632519577357499e-04
-5.253438315040159790e-04
-9.331526739586870622e-04
-1.168605636208800563e-03
-9.116104160425061997e-04
-6.082674183081962505e-04
-8.923778998399731210e-04
-1.121817244032208283e-03
-1.107865191206147681e-03
-6.845474967128728494e-04
-3.190697451255150585e-04
-7.708916476692473374e-04
-9.328016342575184972e-04
-8.185768997372583344e-04
-2.565776054923238347e-04
4.089586027275493585e-05
-4.780358198018253013e-04
-5.701187194470658248e-04
-3.478176117301667869e-04
-1.205230221148489989e-04
5.041483743198904577e-04
-6.647464877967412811e-04
-5.512884066641438041e-04
-4.842584189126974969e-05
4.932209012781241242e-04
1.304540898185713171e-03
-5.317231821794499158e-04
-2.740040885070293974e-04
2.718271369310885227e-04
4.921664093744879120e-04
1.178404181829767472e-03
3.080724857133960992e-04
5.953471677033750353e-04
7.461041480411323423e-04
2.971994682997719517e-04
1.044579035767018160e-03
4.628953929935522571e-04
5.832545760046659034e-04
2.711727405366060745e-04
-4.380296807816597138e-04
2.901362554464381738e-04
2.498525639288429190e-04
1.477855910681780127e-04
-4.342914362426286701e-04
-8.379038345497219487e-04
-1.114613443319034669e-03
