-3.342775252618335191e-03
-2.092512609945907515e-03
-1.884538364854110304e-03
1.215885009081596468e-03
4.035659885429199178e-03
-1.747960202727882884e-03
-2.773231548918092537e-03
5.199173579522875510e-04
1.553352761126593207e-03
3.278623946574896197e-03
2.887105418102643706e-04
4.326303263972874902e-04
3.752474518628978739e-03
3.716529994652099933e-03
-6.033407544966118419e-04
2.712860585334167518e-04
1.227141436757978044e-03
3.396409146214765529e-03
3.167726666135836644e-03
-5.301545409303193290e-04
1.637244277712168739e-03
3.415082444175321363e-03
4.395381653256938415e-03
3.076211405848711111e-03
-2.723867428700788018e-03
-2.229668397524642298e-03
-6.586737590630609152e-04
1.808198211164430136e-03
5.158565401688131047e-03
4.302355046777506242e-03
-9.734056442737004655e-04
1.986647343549530209e-04
3.348818135692955070e-03
2.066271328321981314e-03
3.804373703776550708e-03
-1.455301444415333517e-03
9.777230138612869048e-04
6.787059836078357389e-04
2.885346105361702440e-04
-8.775163850711920066e-05
-2.370111830477680814e-03
-1.770134867438044601e-03
-2.802441621198898877e-03
-1.664258902521004169e-03
-1.530208070639083040e-03
9.625520222747985244e-04
2.837383602302123720e-04
1.995348342567759836e-03
2.374554768209691247e-04
-1.965595371181461104e-03
2.560844919892724114e-03
2.321635490281179215e-03
-5.794120527606860804e-04
3.506687231599192600e-04
3.837889872019606408e-03
9.598316206853862997e-04
1.122183792695519156e-03
-2.383642368484484297e-04
2.945174213252440068e-04
2.200625345629909566e-03
-1.002786583121462877e-03
-5.864875611033548708e-04
-1.155601506625775210e-03
-1.040765668991648889e-03
3.242661353447598427e-04
-8.178762466567318645e-04
-5.367334625603903397e-04
-3.662914552311873073e-04
-8.418731658871607057e-04
-2.021003514212138530e-03
2.487727715262844086e-03
1.146808933870063774e-03
-2.803949104944469806e-04
-2.775142002329256119e-03
-4.973513837782661540e-03
3.261042156440019379e-03
2.878580246177826762e-03
3.988754829217788789e-03
4.784416301083171952e-03
3.904730059371697148e-03
6.143754757169106462e-04
8.978694973591494488e-04
2.709571919303287169e-03
-6.871203802858577570e-06
2.471524835840649414e-03
-1.274825696708964222e-03
5.597109528913679632e-04
-7.832137016201001778e-04
-2.056842641197917376e-03
2.788351251719556334e-03
2.380719367665959200e-03
1.378003661133747615e-03
-4.359898843798934442e-04
1.460203597997186686e-03
4.546092546681562707e-03
6.630454356739479138e-03
1.864933810936594827e-03
3.222221685951487391e-03
4.332146807563552748e-03
1.914497433379680480e-03
6.151175372832717869e-04
3.442502440679395814e-03
5.885402823891910939e-03
3.440369781693042306e-03
-2.070432319616011263e-03
1.582716360387592669e-03
4.721407704802060845e-03
5.647750632271769655e-03
2.114998134633576735e-03
-4.085444686873523912e-03
6.665322763796492633e-04
3.556151032374610388e-03
3.340152938966764462e-03
-1.995878268033476899e-03
-8.060099271200188431e-03
1.580307742802974924e-03
2.568908056003182949e-03
4.189178910669888456e-05
-6.196328773150655556e-03
-1.178239892189253402e-02
3.734751634505317774e-03
3.114401309326497724e-03
2.100656227915026486e-03
-3.501562886746023562e-03
-1.605917076273000177e-03
-3.631051424045073084e-04
1.166888820963579709e-04
1.363832194624770011e-03
4.555290534279055059e-03
4.433813757398541444e-03
-3.619180491900575447e-04
9.527241172849199025e-05
1.074481993059005214e-03
1.504030173206501175e-03
1.858381937001774009e-03
-2.016161042713279783e-03
-2.824732848712041555e-03
4.174603773360319181e-06
2.427972300798912283e-04
-4.116976292303509144e-04
-2.385352479534669223e-03
-2.729015699379111481e-03
-6.532197930313871082e-04
2.307667894095019601e-03
-3.020556031583798706e-04
1.581107335152043269e-03
1.114129348689277266e-03
2.743108573868169309e-03
4.336175054541285823e-03
1.148060342515577759e-03
3.249575160521045447e-03
-5.861442860731758131e-04
-1.136140462216328473e-03
3.264798227752385706e-03
3.901630898865526831e-03
5.614334623907923927e-04
-1.521716800647110457e-03
-9.727046986525563974e-04
7.994202691897905888e-04
3.682936123628726983e-03
-5.199835707513991712e-03
-5.462817411881815133e-03
-4.403392046859438969e-03
-1.892317428256212741e-03
1.180551712475282067e-03
-5.412414630058759446e-03
-5.854684208421834235e-03
-5.825218471242898932e-03
-3.085344564338052264e-03
1.034556705166722601e-04
3.774894865815614509e-05
-2.100689686077638479e-03
-2.686466412048123253e-03
-1.899877940710892332e-03
-1.071872700268372558e-03
1.339041297974907785e-03
4.436191685270193807e-03
7.388381265254234664e-03
1.872331612274402701e-03
1.150372131036858647e-04
-1.745541495389302256e-03
2.071643873225254007e-03
3.929502493365688229e-03
1.588875034306547196e-04
1.003164474930318129e-03
-1.639994158416036019e-03
2.895437319341664928e-03
2.559884629313252669e-03
-9.649341693244162244e-04
-1.605744322257074419e-03
1.342077788970365282e-03
1.684902601512550113e-03
-9.833944348511952649e-05
-4.641615289680767198e-03
-5.437802777939954035e-03
1.568768444783485982e-03
-6.513247531988453076e-04
-2.639460608219568183e-03
-8.241631415354597201e-03
-9.756817034557718760e-03
