-2.220446049250313081e-16
-1.734723475976807094e-17
-5.551115123125782702e-17
0.000000000000000000e+00
-5.551115123125782702e-17
8.326672684688674053e-17
2.775557561562891351e-17
9.714451465470119729e-17
-5.551115123125782702e-17
8.326672684688674053e-17
4.163336342344337027e-17
1.387778780781445676e-16
-1.387778780781445676e-17
-1.387778780781445676e-17
5.551115123125782702e-17
4.857225732735059864e-17
8.326672684688674053e-17
2.775557561562891351e-17
-1.387778780781445676e-16
5.551115123125782702e-17
2.220446049250313081e-16
-1.526556658859590243e-16
0.000000000000000000e+00
-2.775557561562891351e-17
4.440892098500626162e-16
1.665334536937734811e-16
-6.938893903907228378e-17
-2.775557561562891351e-17
-1.110223024625156540e-16
5.551115123125782702e-17
-1.942890293094023946e-16
-5.551115123125782702e-17
-4.119968255444916849e-17
-4.163336342344337027e-17
0.000000000000000000e+00
3.469446951953614189e-17
1.110223024625156540e-16
-2.775557561562891351e-17
8.326672684688674053e-17
-1.110223024625156540e-16
-1.249000902703301108e-16
0.000000000000000000e+00
-5.204170427930421283e-18
5.551115123125782702e-17
0.000000000000000000e+00
0.000000000000000000e+00
9.714451465470119729e-17
2.775557561562891351e-16
0.000000000000000000e+00
0.000000000000000000e+00
1.665334536937734811e-16
-4.163336342344337027e-17
-1.665334536937734811e-16
-3.330669073875469621e-16
1.665334536937734811e-16
0.000000000000000000e+00
-2.775557561562891351e-17
-2.081668171172168513e-17
2.602085213965210642e-18
-7.632783294297951215e-17
-6.938893903907228378e-18
-1.110223024625156540e-16
2.775557561562891351e-17
1.084202172485504434e-17
-1.040834085586084257e-17
4.857225732735059864e-17
5.551115123125782702e-17
2.081668171172168513e-17
-4.943961906533900219e-17
1.110223024625156540e-16
0.000000000000000000e+00
1.665334536937734811e-16
5.551115123125782702e-17
-2.775557561562891351e-17
1.110223024625156540e-16
0.000000000000000000e+00
1.387778780781445676e-17
1.942890293094023946e-16
1.665334536937734811e-16
3.330669073875469621e-16
2.775557561562891351e-17
2.775557561562891351e-17
-6.245004513516505540e-17
2.428612866367529932e-17
1.249000902703301108e-16
2.341876692568689577e-17
5.551115123125782702e-17
8.326672684688674053e-17
-5.551115123125782702e-17
1.387778780781445676e-17
-3.989863994746656317e-17
1.942890293094023946e-16
-1.387778780781445676e-17
-1.249000902703301108e-16
0.000000000000000000e+00
0.000000000000000000e+00
-3.053113317719180486e-16
0.000000000000000000e+00
1.942890293094023946e-16
-5.551115123125782702e-17
0.000000000000000000e+00
2.775557561562891351e-17
8.326672684688674053e-17
-5.551115123125782702e-17
1.665334536937734811e-16
5.551115123125782702e-17
5.551115123125782702e-17
-8.326672684688674053e-17
-8.673617379884035472e-18
-2.775557561562891351e-17
6.765421556309547668e-17
2.775557561562891351e-17
-2.775557561562891351e-17
-1.387778780781445676e-17
2.498001805406602216e-16
1.457167719820517959e-16
-1.110223024625156540e-16
4.163336342344337027e-17
-1.526556658859590243e-16
-1.110223024625156540e-16
2.220446049250313081e-16
-2.081668171172168513e-16
-2.498001805406602216e-16
5.551115123125782702e-17
5.551115123125782702e-17
5.551115123125782702e-17
-1.387778780781445676e-17
-1.665334536937734811e-16
0.000000000000000000e+00
0.000000000000000000e+00
-2.498001805406602216e-16
5.551115123125782702e-17
3.469446951953614189e-17
-6.245004513516505540e-17
8.326672684688674053e-17
5.204170427930421283e-17
5.551115123125782702e-17
-5.551115123125782702e-17
-7.632783294297951215e-17
-1.249000902703301108e-16
4.510281037539698445e-17
-5.551115123125782702e-17
-1.110223024625156540e-16
3.469446951953614189e-17
1.665334536937734811e-16
1.110223024625156540e-16
-1.249000902703301108e-16
-3.330669073875469621e-16
-5.551115123125782702e-17
1.665334536937734811e-16
-5.551115123125782702e-17
-1.110223024625156540e-16
1.387778780781445676e-16
1.110223024625156540e-16
-1.665334536937734811e-16
1.387778780781445676e-16
-5.551115123125782702e-17
1.734723475976807094e-18
-1.387778780781445676e-17
-1.301042606982605321e-17
0.000000000000000000e+00
-1.110223024625156540e-16
-8.326672684688674053e-17
-1.387778780781445676e-17
-4.163336342344337027e-17
-4.857225732735059864e-17
5.551115123125782702e-17
-1.249000902703301108e-16
-6.938893903907228378e-18
1.110223024625156540e-16
1.110223024625156540e-16
-1.249000902703301108e-16
-4.163336342344337027e-17
-5.551115123125782702e-17
3.885780586188047891e-16
5.551115123125782702e-16
2.081668171172168513e-17
-2.775557561562891351e-17
1.110223024625156540e-16
-2.220446049250313081e-16
2.220446049250313081e-16
5.551115123125782702e-17
-2.775557561562891351e-17
-8.326672684688674053e-17
1.942890293094023946e-16
-6.938893903907228378e-17
-2.498001805406602216e-16
-1.387778780781445676e-16
-2.775557561562891351e-17
8.326672684688674053e-17
-2.081668171172168513e-17
1.665334536937734811e-16
-4.857225732735059864e-17
-2.498001805406602216e-16
5.551115123125782702e-17
-4.440892098500626162e-16
1.942890293094023946e-16
-1.665334536937734811e-16
-1.804112415015879378e-16
3.885780586188047891e-16
